<?xml version="1.0" encoding="UTF-8"?>
<!-- Generated by org.testng.reporters.JUnitReportReporter -->
<testsuite hostname="WIN-62701268143" failures="0" tests="1" name="com.poshanabhiyan.PoshanAbhiyanTest" time="838.646" errors="0" timestamp="2023-09-25T12:54:50 IST" skipped="0">
  <testcase classname="com.poshanabhiyan.PoshanAbhiyanTest" name="PoshanAbhiyanData" time="838.646"/>
</testsuite> <!-- com.poshanabhiyan.PoshanAbhiyanTest -->
